Removed Pin From Net: NetName=GND Pin=R5-1
Removed Pin From Net: NetName=NetR5_2 Pin=R5-2
Removed Pin From Net: NetName=KEY1 Pin=U2-1
Removed Pin From Net: NetName=KEY2 Pin=U2-2
Removed Pin From Net: NetName=KEY3 Pin=U2-3
Removed Pin From Net: NetName=VBAT Pin=U2-6
Removed Pin From Net: NetName=OSC32_IN Pin=U2-8
Removed Pin From Net: NetName=OSC32_OUT Pin=U2-9
Removed Pin From Net: NetName=GND Pin=U2-10
Removed Pin From Net: NetName=VCC3.3 Pin=U2-11
Removed Pin From Net: NetName=OSC_IN Pin=U2-12
Removed Pin From Net: NetName=OSC_OUT Pin=U2-13
Removed Pin From Net: NetName=NRST Pin=U2-14
Removed Pin From Net: NetName=GND Pin=U2-19
Removed Pin From Net: NetName=GND Pin=U2-20
Removed Pin From Net: NetName=VCC3.3 Pin=U2-21
Removed Pin From Net: NetName=VCC3.3 Pin=U2-22
Removed Pin From Net: NetName=DS1 Pin=U2-23
Removed Pin From Net: NetName=DS2 Pin=U2-24
Removed Pin From Net: NetName=DS3 Pin=U2-25
Removed Pin From Net: NetName=DS4 Pin=U2-26
Removed Pin From Net: NetName=GND Pin=U2-27
Removed Pin From Net: NetName=VCC3.3 Pin=U2-28
Removed Pin From Net: NetName=LED2 Pin=U2-45
Removed Pin From Net: NetName=LED1 Pin=U2-46
Removed Pin From Net: NetName=U3_TX Pin=U2-47
Removed Pin From Net: NetName=U3_RX Pin=U2-48
Removed Pin From Net: NetName=GND Pin=U2-49
Removed Pin From Net: NetName=VCC3.3 Pin=U2-50
Removed Pin From Net: NetName=U1_TX Pin=U2-68
Removed Pin From Net: NetName=U1_RX Pin=U2-69
Removed Pin From Net: NetName=SWDIO Pin=U2-72
Removed Pin From Net: NetName=GND Pin=U2-74
Removed Pin From Net: NetName=VCC3.3 Pin=U2-75
Removed Pin From Net: NetName=SWCLK Pin=U2-76
Removed Pin From Net: NetName=NetR5_2 Pin=U2-94
Removed Pin From Net: NetName=GND Pin=U2-99
Removed Pin From Net: NetName=VCC3.3 Pin=U2-100
Change Component Designator: OldDesignator=C5 NewDesignator=C6
Change Component Designator: OldDesignator=C6 NewDesignator=C5
Change Component Designator: OldDesignator=C10 NewDesignator=C16
Change Component Designator: OldDesignator=C11 NewDesignator=C17
Change Component Designator: OldDesignator=C12 NewDesignator=C18
Change Component Designator: OldDesignator=C13 NewDesignator=C19
Change Component Designator: OldDesignator=C14 NewDesignator=C20
Change Component Designator: OldDesignator=C15 NewDesignator=C21
Change Component Designator: OldDesignator=C16 NewDesignator=C22
Change Component Designator: OldDesignator=C17 NewDesignator=C23
Change Component Designator: OldDesignator=C18 NewDesignator=C12
Change Component Designator: OldDesignator=C19 NewDesignator=C13
Change Component Designator: OldDesignator=C20 NewDesignator=C14
Change Component Designator: OldDesignator=C21 NewDesignator=C15
Change Component Designator: OldDesignator=D6 NewDesignator=D10
Change Component Designator: OldDesignator=D7 NewDesignator=D6
Change Component Designator: OldDesignator=D8 NewDesignator=D7
Change Component Designator: OldDesignator=D9 NewDesignator=D8
Change Component Designator: OldDesignator=D10 NewDesignator=D9
Change Component Designator: OldDesignator=R6 NewDesignator=R10
Change Component Designator: OldDesignator=R7 NewDesignator=R11
Change Component Designator: OldDesignator=R8 NewDesignator=R13
Change Component Designator: OldDesignator=R9 NewDesignator=R6
Change Component Designator: OldDesignator=R10 NewDesignator=R7
Change Component Designator: OldDesignator=R11 NewDesignator=R8
Change Component Designator: OldDesignator=R12 NewDesignator=R9
Change Component Designator: OldDesignator=R13 NewDesignator=R12
Change Component Designator: OldDesignator=RST NewDesignator=RST1
Change Component Designator: OldDesignator=U1 NewDesignator=U2
Added Component: Designator=C10(LC-0805_C)
Added Component: Designator=C11(LC-0805_C)
Added Pin To Net: NetName=GND Pin=C10-1
Added Pin To Net: NetName=NetR5_2 Pin=C10-2
Added Pin To Net: NetName=GND Pin=C11-1
Added Pin To Net: NetName=GND Pin=R5-2
Change Net Name : Old Net Name=NetD6_K New Net Name=NetD10_K
Change Net Name : Old Net Name=NetD7_1 New Net Name=NetD6_1
Change Net Name : Old Net Name=NetD7_2 New Net Name=NetD6_2
Change Net Name : Old Net Name=NetD8_1 New Net Name=NetD7_1
Change Net Name : Old Net Name=NetD8_2 New Net Name=NetD7_2
Change Net Name : Old Net Name=NetD9_1 New Net Name=NetD8_1
Change Net Name : Old Net Name=NetD9_2 New Net Name=NetD8_2
Change Net Name : Old Net Name=NetD10_1 New Net Name=NetD9_1
Change Net Name : Old Net Name=NetD10_2 New Net Name=NetD9_2
Change Net Name : Old Net Name=NetR5_2 New Net Name=NetC10_2
Added Pin To Net: NetName=NetC11_2 Pin=C11-2
Added Net: Name=NetC11_2
Added Pin To Net: NetName=NetR5_1 Pin=R5-1
Added Net: Name=NetR5_1
Added Member To Class: ClassName=ÖÇÄÜµÆ Member=Component C22 104
Added Member To Class: ClassName=ÖÇÄÜµÆ Member=Component C23 104
