Change Component Designator: Old Designator=C5 New Designator=C6
Change Component Designator: Old Designator=C6 New Designator=C5
Change Component Designator: Old Designator=C10 New Designator=C16
Change Component Designator: Old Designator=C11 New Designator=C17
Change Component Designator: Old Designator=C12 New Designator=C18
Change Component Designator: Old Designator=C13 New Designator=C19
Change Component Designator: Old Designator=C14 New Designator=C20
Change Component Designator: Old Designator=C15 New Designator=C21
Change Component Designator: Old Designator=C16 New Designator=C22
Change Component Designator: Old Designator=C17 New Designator=C23
Change Component Designator: Old Designator=C18 New Designator=C12
Change Component Designator: Old Designator=C19 New Designator=C13
Change Component Designator: Old Designator=C20 New Designator=C14
Change Component Designator: Old Designator=C21 New Designator=C15
Change Component Designator: Old Designator=C? New Designator=C10
Change Component Designator: Old Designator=C? New Designator=C11
Change Component Designator: Old Designator=D6 New Designator=D10
Change Component Designator: Old Designator=D7 New Designator=D6
Change Component Designator: Old Designator=D8 New Designator=D7
Change Component Designator: Old Designator=D9 New Designator=D8
Change Component Designator: Old Designator=D10 New Designator=D9
Change Component Designator: Old Designator=R6 New Designator=R10
Change Component Designator: Old Designator=R7 New Designator=R11
Change Component Designator: Old Designator=R8 New Designator=R13
Change Component Designator: Old Designator=R9 New Designator=R6
Change Component Designator: Old Designator=R10 New Designator=R7
Change Component Designator: Old Designator=R11 New Designator=R8
Change Component Designator: Old Designator=R12 New Designator=R9
Change Component Designator: Old Designator=R13 New Designator=R12
Change Component Designator: Old Designator=R? New Designator=R5
Change Component Designator: Old Designator=RST New Designator=RST1
Change Component Designator: Old Designator=U1 New Designator=U2
